<?xml version="1.0" encoding="UTF-8"?>
<testsuite xmlns:xsi="http://www.w3.org/2001/XMLSchema-instance" xsi:noNamespaceSchemaLocation="https://maven.apache.org/surefire/maven-surefire-plugin/xsd/surefire-test-report-3.0.xsd" version="3.0" name="com.mycompany.myapp.TechnicalStructureTest" time="2.047" tests="1" errors="0" skipped="0" failures="0">
  <properties>
[...]
</properties>
  <testcase name="respectsTechnicalArchitectureLayers" classname="TechnicalStructureTest" time="2.047">
    <system-out><![CDATA[2023-03-27 16:12:29.041  INFO   --- [           main] com.tngtech.archunit.core.PluginLoader   : Detected Java version 11.0.18
2023-03-27 16:12:29.044 DEBUG   --- [           main] com.tngtech.archunit.core.PluginLoader   : Current Java version is compatible to JAVA_9 => Loading Plugin com.tngtech.archunit.core.importer.ModuleImportPlugin
]]></system-out>
  </testcase>
</testsuite>